<?xml version="1.0" encoding="UTF-8"?>
<testsuite xmlns:xsi="http://www.w3.org/2001/XMLSchema-instance" xsi:noNamespaceSchemaLocation="https://maven.apache.org/surefire/maven-surefire-plugin/xsd/surefire-test-report-3.0.xsd" version="3.0" name="support.runtest" time="7.509" tests="9" errors="0" skipped="0" failures="0">
  <properties>
[...]
</properties>
  <testcase name="Listar todos los recursos" classname="Pruebas al servicio de recursos" time="3.147">
    <system-out><![CDATA[{"page":1,"per_page":6,"total":12,"total_pages":2,"data":[{"id":1,"name":"cerulean","year":2000,"color":"#98B2D1","pantone_value":"15-4020"},{"id":2,"name":"fuchsia rose","year":2001,"color":"#C74375","pantone_value":"17-2031"},{"id":3,"name":"true red","year":2002,"color":"#BF1932","pantone_value":"19-1664"},{"id":4,"name":"aqua sky","year":2003,"color":"#7BC4C4","pantone_value":"14-4811"},{"id":5,"name":"tigerlily","year":2004,"color":"#E2583E","pantone_value":"17-1456"},{"id":6,"name":"blue turquoise","year":2005,"color":"#53B0AE","pantone_value":"15-5217"}],"support":{"url":"https://reqres.in/#support-heading","text":"To keep ReqRes free, contributions towards server costs are appreciated!"}}
]]></system-out>
  </testcase>
  <testcase name="Mostrar recurso" classname="Pruebas al servicio de recursos" time="0.195">
    <system-out><![CDATA[{"data":{"id":2,"name":"fuchsia rose","year":2001,"color":"#C74375","pantone_value":"17-2031"},"support":{"url":"https://reqres.in/#support-heading","text":"To keep ReqRes free, contributions towards server costs are appreciated!"}}
]]></system-out>
  </testcase>
  <testcase name="Recurso no encontrado" classname="Pruebas al servicio de recursos" time="0.698"/>
  <testcase name="Listar todos los usuarios" classname="Pruebas al servicio de usuario" time="0.199">
    <system-out><![CDATA[{"page":1,"per_page":6,"total":12,"total_pages":2,"data":[{"id":1,"email":"george.bluth@reqres.in","first_name":"George","last_name":"Bluth","avatar":"https://reqres.in/img/faces/1-image.jpg"},{"id":2,"email":"janet.weaver@reqres.in","first_name":"Janet","last_name":"Weaver","avatar":"https://reqres.in/img/faces/2-image.jpg"},{"id":3,"email":"emma.wong@reqres.in","first_name":"Emma","last_name":"Wong","avatar":"https://reqres.in/img/faces/3-image.jpg"},{"id":4,"email":"eve.holt@reqres.in","first_name":"Eve","last_name":"Holt","avatar":"https://reqres.in/img/faces/4-image.jpg"},{"id":5,"email":"charles.morris@reqres.in","first_name":"Charles","last_name":"Morris","avatar":"https://reqres.in/img/faces/5-image.jpg"},{"id":6,"email":"tracey.ramos@reqres.in","first_name":"Tracey","last_name":"Ramos","avatar":"https://reqres.in/img/faces/6-image.jpg"}],"support":{"url":"https://reqres.in/#support-heading","text":"To keep ReqRes free, contributions towards server costs are appreciated!"}}
]]></system-out>
  </testcase>
  <testcase name="Mostrar usuario" classname="Pruebas al servicio de usuario" time="0.185">
    <system-out><![CDATA[{"data":{"id":3,"email":"emma.wong@reqres.in","first_name":"Emma","last_name":"Wong","avatar":"https://reqres.in/img/faces/3-image.jpg"},"support":{"url":"https://reqres.in/#support-heading","text":"To keep ReqRes free, contributions towards server costs are appreciated!"}}
]]></system-out>
  </testcase>
  <testcase name="Usuario no encontrado" classname="Pruebas al servicio de usuario" time="0.451"/>
  <testcase name="Crear usuario" classname="Pruebas al servicio de usuario" time="0.931">
    <system-out><![CDATA[{"name":"Alexander","job":"QA","id":"228","createdAt":"2022-04-16T00:31:31.489Z"}
{"name":"Alexander","job":"QA","id":"228","createdAt":"2022-04-16T00:31:31.489Z"}
]]></system-out>
  </testcase>
  <testcase name="Actualizar usuario" classname="Pruebas al servicio de usuario" time="0.45">
    <system-out><![CDATA[{"name":"Brayan","job":"Tester","updatedAt":"2022-04-16T00:31:31.980Z"}
{"name":"Brayan","job":"Tester","updatedAt":"2022-04-16T00:31:31.980Z"}
]]></system-out>
  </testcase>
  <testcase name="Actualizar usuario con metodo Patch" classname="Pruebas al servicio de usuario" time="0.494">
    <system-out><![CDATA[{"name":"Alexander","job":"Dev","updatedAt":"2022-04-16T00:31:32.474Z"}
{"name":"Alexander","job":"Dev","updatedAt":"2022-04-16T00:31:32.474Z"}
]]></system-out>
  </testcase>
</testsuite>